{"/Users/maikjunior/Projects/Monorepos/backend-technical-test/packages/server/src/repositories/in-memory/CdbUnitPricesInMemory.ts": {"path":"/Users/maikjunior/Projects/Monorepos/backend-technical-test/packages/server/src/repositories/in-memory/CdbUnitPricesInMemory.ts","statementMap":{"0":{"start":{"line":1,"column":0},"end":{"line":1,"column":71}},"1":{"start":{"line":11,"column":34},"end":{"line":32,"column":null}},"2":{"start":{"line":34,"column":4},"end":{"line":34,"column":null}},"3":{"start":{"line":38,"column":29},"end":{"line":38,"column":30}},"4":{"start":{"line":40,"column":30},"end":{"line":40,"column":53}},"5":{"start":{"line":42,"column":4},"end":{"line":53,"column":null}},"6":{"start":{"line":43,"column":22},"end":{"line":43,"column":49}},"7":{"start":{"line":45,"column":6},"end":{"line":46,"column":null}},"8":{"start":{"line":48,"column":6},"end":{"line":51,"column":null}},"9":{"start":{"line":57,"column":4},"end":{"line":63,"column":null}},"10":{"start":{"line":58,"column":33},"end":{"line":58,"column":67}},"11":{"start":{"line":59,"column":6},"end":{"line":62,"column":null}},"12":{"start":{"line":9,"column":0},"end":{"line":9,"column":13}}},"fnMap":{"0":{"name":"(anonymous_0)","decl":{"start":{"line":10,"column":2},"end":{"line":10,"column":7}},"loc":{"start":{"line":10,"column":24},"end":{"line":35,"column":3}}},"1":{"name":"(anonymous_1)","decl":{"start":{"line":37,"column":2},"end":{"line":37,"column":20}},"loc":{"start":{"line":37,"column":63},"end":{"line":54,"column":3}}},"2":{"name":"(anonymous_2)","decl":{"start":{"line":42,"column":33},"end":{"line":42,"column":36}},"loc":{"start":{"line":42,"column":39},"end":{"line":53,"column":5}}},"3":{"name":"(anonymous_3)","decl":{"start":{"line":56,"column":2},"end":{"line":56,"column":19}},"loc":{"start":{"line":56,"column":46},"end":{"line":64,"column":3}}},"4":{"name":"(anonymous_4)","decl":{"start":{"line":57,"column":29},"end":{"line":57,"column":37}},"loc":{"start":{"line":57,"column":40},"end":{"line":63,"column":5}}}},"branchMap":{},"s":{"0":1,"1":1,"2":1,"3":1,"4":1,"5":1,"6":5,"7":5,"8":5,"9":1,"10":5,"11":5,"12":1},"f":{"0":1,"1":1,"2":5,"3":1,"4":5},"b":{}}
,"/Users/maikjunior/Projects/Monorepos/backend-technical-test/packages/server/src/useCases/CdbUnitPricesUseCase/CdbUnitPricesUseCase.ts": {"path":"/Users/maikjunior/Projects/Monorepos/backend-technical-test/packages/server/src/useCases/CdbUnitPricesUseCase/CdbUnitPricesUseCase.ts","statementMap":{"0":{"start":{"line":4,"column":22},"end":{"line":4,"column":61}},"1":{"start":{"line":7,"column":29},"end":{"line":7,"column":72}},"2":{"start":{"line":8,"column":26},"end":{"line":11,"column":null}},"3":{"start":{"line":10,"column":8},"end":{"line":11,"column":55}},"4":{"start":{"line":14,"column":31},"end":{"line":16,"column":null}},"5":{"start":{"line":20,"column":6},"end":{"line":20,"column":62}},"6":{"start":{"line":22,"column":4},"end":{"line":22,"column":null}},"7":{"start":{"line":3,"column":0},"end":{"line":3,"column":13}}},"fnMap":{"0":{"name":"(anonymous_0)","decl":{"start":{"line":4,"column":2},"end":{"line":4,"column":22}},"loc":{"start":{"line":4,"column":61},"end":{"line":4,"column":65}}},"1":{"name":"(anonymous_1)","decl":{"start":{"line":6,"column":2},"end":{"line":6,"column":7}},"loc":{"start":{"line":6,"column":47},"end":{"line":23,"column":3}}},"2":{"name":"(anonymous_2)","decl":{"start":{"line":9,"column":6},"end":{"line":9,"column":9}},"loc":{"start":{"line":10,"column":8},"end":{"line":11,"column":55}}}},"branchMap":{"0":{"loc":{"start":{"line":10,"column":8},"end":{"line":11,"column":55}},"type":"binary-expr","locations":[{"start":{"line":10,"column":8},"end":{"line":10,"column":59}},{"start":{"line":11,"column":8},"end":{"line":11,"column":55}}]}},"s":{"0":1,"1":1,"2":1,"3":5,"4":1,"5":1,"6":1,"7":1},"f":{"0":1,"1":1,"2":5},"b":{"0":[5,5]}}
,"/Users/maikjunior/Projects/Monorepos/backend-technical-test/packages/server/src/utils/CalculateCdiAccumulated.ts": {"path":"/Users/maikjunior/Projects/Monorepos/backend-technical-test/packages/server/src/utils/CalculateCdiAccumulated.ts","statementMap":{"0":{"start":{"line":5,"column":21},"end":{"line":5,"column":47}},"1":{"start":{"line":6,"column":2},"end":{"line":6,"column":null}},"2":{"start":{"line":1,"column":0},"end":{"line":1,"column":24}}},"fnMap":{"0":{"name":"calculateCdiAccumulated","decl":{"start":{"line":1,"column":24},"end":{"line":1,"column":47}},"loc":{"start":{"line":3,"column":17},"end":{"line":7,"column":1}}}},"branchMap":{},"s":{"0":5,"1":5,"2":1},"f":{"0":5},"b":{}}
,"/Users/maikjunior/Projects/Monorepos/backend-technical-test/packages/server/src/utils/CalculateCdiRate.ts": {"path":"/Users/maikjunior/Projects/Monorepos/backend-technical-test/packages/server/src/utils/CalculateCdiRate.ts","statementMap":{"0":{"start":{"line":2,"column":24},"end":{"line":2,"column":39}},"1":{"start":{"line":3,"column":29},"end":{"line":3,"column":65}},"2":{"start":{"line":4,"column":19},"end":{"line":4,"column":60}},"3":{"start":{"line":5,"column":2},"end":{"line":5,"column":null}},"4":{"start":{"line":1,"column":0},"end":{"line":1,"column":24}}},"fnMap":{"0":{"name":"calculateCdiRate","decl":{"start":{"line":1,"column":24},"end":{"line":1,"column":40}},"loc":{"start":{"line":1,"column":54},"end":{"line":6,"column":1}}}},"branchMap":{},"s":{"0":5,"1":5,"2":5,"3":5,"4":1},"f":{"0":5},"b":{}}
,"/Users/maikjunior/Projects/Monorepos/backend-technical-test/packages/server/src/utils/FormatDate.ts": {"path":"/Users/maikjunior/Projects/Monorepos/backend-technical-test/packages/server/src/utils/FormatDate.ts","statementMap":{"0":{"start":{"line":2,"column":16},"end":{"line":2,"column":31}},"1":{"start":{"line":3,"column":2},"end":{"line":3,"column":null}},"2":{"start":{"line":1,"column":0},"end":{"line":1,"column":24}}},"fnMap":{"0":{"name":"formateDate","decl":{"start":{"line":1,"column":24},"end":{"line":1,"column":35}},"loc":{"start":{"line":1,"column":48},"end":{"line":4,"column":1}}}},"branchMap":{},"s":{"0":0,"1":0,"2":1},"f":{"0":0},"b":{}}
,"/Users/maikjunior/Projects/Monorepos/backend-technical-test/packages/server/src/utils/index.ts": {"path":"/Users/maikjunior/Projects/Monorepos/backend-technical-test/packages/server/src/utils/index.ts","statementMap":{"0":{"start":{"line":1,"column":0},"end":{"line":1,"column":7}},"1":{"start":{"line":5,"column":9},"end":{"line":1,"column":38}},"2":{"start":{"line":2,"column":0},"end":{"line":2,"column":7}},"3":{"start":{"line":5,"column":22},"end":{"line":2,"column":49}},"4":{"start":{"line":3,"column":0},"end":{"line":3,"column":7}},"5":{"start":{"line":5,"column":40},"end":{"line":3,"column":63}}},"fnMap":{},"branchMap":{},"s":{"0":1,"1":1,"2":1,"3":1,"4":1,"5":1},"f":{},"b":{}}
}
