TN:
SF:packages/server/src/repositories/in-memory/CdbUnitPricesInMemory.ts
FN:10,(anonymous_0)
FN:37,(anonymous_1)
FN:42,(anonymous_2)
FN:56,(anonymous_3)
FN:57,(anonymous_4)
FNF:5
FNH:5
FNDA:1,(anonymous_0)
FNDA:1,(anonymous_1)
FNDA:5,(anonymous_2)
FNDA:1,(anonymous_3)
FNDA:5,(anonymous_4)
DA:1,1
DA:9,1
DA:11,1
DA:34,1
DA:38,1
DA:40,1
DA:42,1
DA:43,5
DA:45,5
DA:48,5
DA:57,1
DA:58,5
DA:59,5
LF:13
LH:13
BRF:0
BRH:0
end_of_record
TN:
SF:packages/server/src/useCases/CdbUnitPricesUseCase/CdbUnitPricesUseCase.ts
FN:4,(anonymous_0)
FN:6,(anonymous_1)
FN:9,(anonymous_2)
FNF:3
FNH:3
FNDA:1,(anonymous_0)
FNDA:1,(anonymous_1)
FNDA:5,(anonymous_2)
DA:3,1
DA:4,1
DA:7,1
DA:8,1
DA:10,5
DA:14,1
DA:20,1
DA:22,1
LF:8
LH:8
BRDA:10,0,0,5
BRDA:10,0,1,5
BRF:2
BRH:2
end_of_record
TN:
SF:packages/server/src/utils/CalculateCdiAccumulated.ts
FN:1,calculateCdiAccumulated
FNF:1
FNH:1
FNDA:5,calculateCdiAccumulated
DA:1,1
DA:5,5
DA:6,5
LF:3
LH:3
BRF:0
BRH:0
end_of_record
TN:
SF:packages/server/src/utils/CalculateCdiRate.ts
FN:1,calculateCdiRate
FNF:1
FNH:1
FNDA:5,calculateCdiRate
DA:1,1
DA:2,5
DA:3,5
DA:4,5
DA:5,5
LF:5
LH:5
BRF:0
BRH:0
end_of_record
TN:
SF:packages/server/src/utils/FormatDate.ts
FN:1,formateDate
FNF:1
FNH:0
FNDA:0,formateDate
DA:1,1
DA:2,0
DA:3,0
LF:3
LH:1
BRF:0
BRH:0
end_of_record
TN:
SF:packages/server/src/utils/index.ts
FNF:0
FNH:0
DA:1,1
DA:2,1
DA:3,1
DA:5,1
LF:4
LH:4
BRF:0
BRH:0
end_of_record
